#
# There is insufficient memory for the Java Runtime Environment to continue.
# Native memory allocation (malloc) failed to allocate 32744 bytes for ChunkPool::allocate
# Possible reasons:
#   The system is out of physical RAM or swap space
#   In 32 bit mode, the process size limit was hit
# Possible solutions:
#   Reduce memory load on the system
#   Increase physical memory or swap space
#   Check if swap backing store is full
#   Use 64 bit Java on a 64 bit OS
#   Decrease Java heap size (-Xmx/-Xms)
#   Decrease number of Java threads
#   Decrease Java thread stack sizes (-Xss)
#   Set larger code cache with -XX:ReservedCodeCacheSize=
# This output file may be truncated or incomplete.
#
#  Out of Memory Error (allocation.cpp:273), pid=15096, tid=0x0000000000003f78
#
# JRE version: OpenJDK Runtime Environment (8.0_112-b06) (build 1.8.0_112-release-b06)
# Java VM: OpenJDK 64-Bit Server VM (25.112-b06 mixed mode windows-amd64 compressed oops)
# Failed to write core dump. Minidumps are not enabled by default on client versions of Windows
#

---------------  T H R E A D  ---------------

Current thread (0x00000000572b5800):  JavaThread "C2 CompilerThread1" daemon [_thread_in_native, id=16248, stack(0x0000000058a70000,0x0000000058b70000)]

Stack: [0x0000000058a70000,0x0000000058b70000]
[error occurred during error reporting (printing stack bounds), id 0xc0000005]

Native frames: (J=compiled Java code, j=interpreted, Vv=VM code, C=native code)


Current CompileTask:
C2:   1393 1027   !   4       com.android.dx.cf.code.BytecodeArray::parseInstruction (2764 bytes)


---------------  P R O C E S S  ---------------

Java Threads: ( => current thread )
  0x00000000575d4000 JavaThread "pool-1-thread-4" [_thread_in_Java, id=17508, stack(0x00000000592b0000,0x00000000593b0000)]
  0x00000000575b8000 JavaThread "pool-1-thread-3" [_thread_blocked, id=6164, stack(0x0000000059150000,0x0000000059250000)]
  0x00000000574d5800 JavaThread "pool-1-thread-2" [_thread_blocked, id=19324, stack(0x0000000059050000,0x0000000059150000)]
  0x000000005747d000 JavaThread "pool-2-thread-1" [_thread_blocked, id=10664, stack(0x0000000058940000,0x0000000058a40000)]
  0x000000005747c000 JavaThread "pool-1-thread-1" [_thread_blocked, id=19424, stack(0x0000000058f30000,0x0000000059030000)]
  0x000000005733a800 JavaThread "Service Thread" daemon [_thread_blocked, id=3440, stack(0x0000000058d90000,0x0000000058e90000)]
  0x00000000572c3800 JavaThread "C1 CompilerThread3" daemon [_thread_blocked, id=17988, stack(0x00000000036e0000,0x00000000037e0000)]
  0x00000000572b8800 JavaThread "C2 CompilerThread2" daemon [_thread_in_native, id=19240, stack(0x0000000058c60000,0x0000000058d60000)]
=>0x00000000572b5800 JavaThread "C2 CompilerThread1" daemon [_thread_in_native, id=16248, stack(0x0000000058a70000,0x0000000058b70000)]
  0x00000000572b1000 JavaThread "C2 CompilerThread0" daemon [_thread_in_native, id=19320, stack(0x0000000058810000,0x0000000058910000)]
  0x000000005729c800 JavaThread "Attach Listener" daemon [_thread_blocked, id=18068, stack(0x00000000586a0000,0x00000000587a0000)]
  0x000000005729b800 JavaThread "Signal Dispatcher" daemon [_thread_blocked, id=19384, stack(0x0000000003b00000,0x0000000003c00000)]
  0x00000000068eb800 JavaThread "Finalizer" daemon [_thread_blocked, id=17220, stack(0x00000000584b0000,0x00000000585b0000)]
  0x00000000068e4800 JavaThread "Reference Handler" daemon [_thread_blocked, id=19080, stack(0x0000000058380000,0x0000000058480000)]
  0x000000000251f000 JavaThread "main" [_thread_blocked, id=12404, stack(0x00000000025e0000,0x00000000026e0000)]

Other Threads:
  0x0000000057242800 VMThread [stack: 0x0000000058110000,0x0000000058210000] [id=18348]
  0x000000005733d800 WatcherThread [stack: 0x0000000058260000,0x0000000058360000] [id=9908]

VM state:not at safepoint (normal execution)

VM Mutex/Monitor currently owned by a thread: None

Heap:
 PSYoungGen      total 76288K, used 36738K [0x00000000eab00000, 0x00000000f0000000, 0x0000000100000000)
  eden space 65536K, 56% used [0x00000000eab00000,0x00000000ecee0bb0,0x00000000eeb00000)
  from space 10752K, 0% used [0x00000000ef580000,0x00000000ef580000,0x00000000f0000000)
  to   space 10752K, 0% used [0x00000000eeb00000,0x00000000eeb00000,0x00000000ef580000)
 ParOldGen       total 175104K, used 0K [0x00000000c0000000, 0x00000000cab00000, 0x00000000eab00000)
  object space 175104K, 0% used [0x00000000c0000000,0x00000000c0000000,0x00000000cab00000)
 Metaspace       used 5731K, capacity 6832K, committed 7040K, reserved 1056768K
  class space    used 566K, capacity 616K, committed 640K, reserved 1048576K

Card table byte_map: [0x0000000002aa0000,0x0000000002cb0000] byte_map_base: 0x00000000024a0000

Marking Bits: (ParMarkBitMap*) 0x00000000081618f0
 Begin Bits: [0x0000000003d00000, 0x0000000004d00000)
 End Bits:   [0x0000000004d00000, 0x0000000005d00000)

Polling page: 0x0000000000430000

CodeCache: size=245760Kb used=4427Kb max_used=4427Kb free=241333Kb
 bounds [0x00000000081e0000, 0x0000000008640000, 0x00000000171e0000]
 total_blobs=1405 nmethods=1141 adapters=178
 compilation: enabled

Compilation events (10 events):
Event: 1.359 Thread 0x00000000572c3800 1146       1       com.android.dx.ssa.BasicRegisterMapper::getNewRegisterCount (5 bytes)
Event: 1.359 Thread 0x00000000572c3800 nmethod 1146 0x000000000862e810 code [0x000000000862e960, 0x000000000862ea70]
Event: 1.359 Thread 0x00000000572c3800 1147       3       com.android.dx.ssa.SsaMethod::forEachBlockDepthFirst (194 bytes)
Event: 1.362 Thread 0x00000000572c3800 nmethod 1147 0x000000000862ead0 code [0x000000000862ef60, 0x00000000086322c8]
Event: 1.362 Thread 0x00000000572c3800 1148       3       com.android.dx.cf.code.BaseMachine::popArgs (127 bytes)
Event: 1.364 Thread 0x00000000572c3800 nmethod 1148 0x0000000008634310 code [0x0000000008634620, 0x0000000008635f08]
Event: 1.365 Thread 0x00000000572c3800 1149       3       com.android.dx.ssa.SsaBasicBlock::getLiveOutRegs (26 bytes)
Event: 1.366 Thread 0x00000000572c3800 nmethod 1149 0x0000000008636b50 code [0x0000000008636ce0, 0x0000000008637268]
Event: 1.366 Thread 0x00000000572c3800 1150       3       com.android.dx.ssa.InterferenceRegisterMapper::areAnyPinned (81 bytes)
Event: 1.366 Thread 0x00000000572c3800 nmethod 1150 0x0000000008637510 code [0x0000000008637700, 0x0000000008638318]

GC Heap History (0 events):
No events

Deoptimization events (10 events):
Event: 1.152 Thread 0x00000000575d4000 Uncommon trap: reason=class_check action=maybe_recompile pc=0x000000000840b660 method=com.android.dx.ssa.NormalSsaInsn.accept(Lcom/android/dx/ssa/SsaInsn$Visitor;)V @ 9
Event: 1.152 Thread 0x00000000575d4000 Uncommon trap: reason=class_check action=maybe_recompile pc=0x000000000840b660 method=com.android.dx.ssa.NormalSsaInsn.accept(Lcom/android/dx/ssa/SsaInsn$Visitor;)V @ 9
Event: 1.153 Thread 0x00000000575d4000 Uncommon trap: reason=class_check action=maybe_recompile pc=0x00000000084869ec method=com.android.dx.ssa.NormalSsaInsn.accept(Lcom/android/dx/ssa/SsaInsn$Visitor;)V @ 9
Event: 1.329 Thread 0x00000000574d5800 Uncommon trap: reason=bimorphic action=maybe_recompile pc=0x000000000859d5b4 method=com.android.dx.ssa.NormalSsaInsn.accept(Lcom/android/dx/ssa/SsaInsn$Visitor;)V @ 9
Event: 1.329 Thread 0x00000000574d5800 Uncommon trap: reason=bimorphic action=maybe_recompile pc=0x000000000859d5b4 method=com.android.dx.ssa.NormalSsaInsn.accept(Lcom/android/dx/ssa/SsaInsn$Visitor;)V @ 9
Event: 1.329 Thread 0x00000000574d5800 Uncommon trap: reason=bimorphic action=maybe_recompile pc=0x000000000859d5b4 method=com.android.dx.ssa.NormalSsaInsn.accept(Lcom/android/dx/ssa/SsaInsn$Visitor;)V @ 9
Event: 1.329 Thread 0x00000000574d5800 Uncommon trap: reason=bimorphic action=maybe_recompile pc=0x000000000859d5b4 method=com.android.dx.ssa.NormalSsaInsn.accept(Lcom/android/dx/ssa/SsaInsn$Visitor;)V @ 9
Event: 1.329 Thread 0x00000000574d5800 Uncommon trap: reason=bimorphic action=maybe_recompile pc=0x0000000008586ac8 method=com.android.dx.ssa.NormalSsaInsn.accept(Lcom/android/dx/ssa/SsaInsn$Visitor;)V @ 9
Event: 1.332 Thread 0x000000005747c000 Uncommon trap: reason=unstable_if action=reinterpret pc=0x0000000008592968 method=com.android.dx.rop.code.RegisterSpec.withReg(I)Lcom/android/dx/rop/code/RegisterSpec; @ 5
Event: 1.332 Thread 0x000000005747c000 Uncommon trap: reason=unstable_if action=reinterpret pc=0x000000000854d0ec method=com.android.dx.rop.code.RegisterSpec.withReg(I)Lcom/android/dx/rop/code/RegisterSpec; @ 5

Internal exceptions (2 events):
Event: 0.041 Thread 0x000000000251f000 Exception <a 'java/lang/NoSuchMethodError': Method sun.misc.Unsafe.defineClass(Ljava/lang/String;[BII)Ljava/lang/Class; name or signature does not match> (0x00000000eab07c78) thrown at [C:\src\android\AOSP-openjdk\external\jetbrains\jdk\hotspot\src\share\v_¡k*¥?
Event: 0.041 Thread 0x000000000251f000 Exception <a 'java/lang/NoSuchMethodError': Method sun.misc.Unsafe.prefetchRead(Ljava/lang/Object;J)V name or signature does not match> (0x00000000eab07f60) thrown at [C:\src\android\AOSP-openjdk\external\jetbrains\jdk\hotspot\src\share\vm\prims\jni.cpp, l

Events (10 events):
Event: 1.329 Thread 0x00000000574d5800 DEOPT UNPACKING pc=0x000000000822556a sp=0x000000005914e930 mode 2
Event: 1.329 Thread 0x00000000574d5800 Uncommon trap: trap_request=0xffffffc6 fr.pc=0x0000000008586ac8
Event: 1.329 Thread 0x00000000574d5800 DEOPT PACKING pc=0x0000000008586ac8 sp=0x000000005914ea70
Event: 1.329 Thread 0x00000000574d5800 DEOPT UNPACKING pc=0x000000000822556a sp=0x000000005914ea50 mode 2
Event: 1.332 Thread 0x000000005747c000 Uncommon trap: trap_request=0xffffff65 fr.pc=0x0000000008592968
Event: 1.332 Thread 0x000000005747c000 DEOPT PACKING pc=0x0000000008592968 sp=0x000000005902e930
Event: 1.332 Thread 0x000000005747c000 DEOPT UNPACKING pc=0x000000000822556a sp=0x000000005902e810 mode 2
Event: 1.332 Thread 0x000000005747c000 Uncommon trap: trap_request=0xffffff65 fr.pc=0x000000000854d0ec
Event: 1.332 Thread 0x000000005747c000 DEOPT PACKING pc=0x000000000854d0ec sp=0x000000005902e8d0
Event: 1.332 Thread 0x000000005747c000 DEOPT UNPACKING pc=0x000000000822556a sp=0x000000005902e810 mode 2


Dynamic libraries:
0x000000013f790000 - 0x000000013f7c1000 	D:\Android\Android Studio\jre\bin\java.exe
0x00000000772b0000 - 0x000000007745a000 	C:\Windows\SYSTEM32\ntdll.dll
0x0000000077090000 - 0x00000000771af000 	C:\Windows\system32\kernel32.dll
0x000007fefd370000 - 0x000007fefd3da000 	C:\Windows\system32\KERNELBASE.dll
0x000007feff4e0000 - 0x000007feff5bb000 	C:\Windows\system32\ADVAPI32.dll
0x000007fefefe0000 - 0x000007feff07f000 	C:\Windows\system32\msvcrt.dll
0x000007fefd650000 - 0x000007fefd66f000 	C:\Windows\SYSTEM32\sechost.dll
0x000007fefd690000 - 0x000007fefd7bd000 	C:\Windows\system32\RPCRT4.dll
0x00000000771b0000 - 0x00000000772aa000 	C:\Windows\system32\USER32.dll
0x000007feff1d0000 - 0x000007feff237000 	C:\Windows\system32\GDI32.dll
0x000007feff4d0000 - 0x000007feff4de000 	C:\Windows\system32\LPK.dll
0x000007feff0d0000 - 0x000007feff19b000 	C:\Windows\system32\USP10.dll
0x000007fefb8b0000 - 0x000007fefbaa4000 	C:\Windows\WinSxS\amd64_microsoft.windows.common-controls_6595b64144ccf1df_6.0.7601.18837_none_fa3b1e3d17594757\COMCTL32.dll
0x000007fefe9b0000 - 0x000007fefea21000 	C:\Windows\system32\SHLWAPI.dll
0x000007feff1a0000 - 0x000007feff1ce000 	C:\Windows\system32\IMM32.DLL
0x000007fefec40000 - 0x000007fefed49000 	C:\Windows\system32\MSCTF.dll
0x000007fefd040000 - 0x000007fefd070000 	C:\Windows\system32\nvinitx.dll
0x000007fefd030000 - 0x000007fefd03c000 	C:\Windows\system32\VERSION.dll
0x0000000074d00000 - 0x0000000074d06000 	C:\Program Files\NVIDIA Corporation\CoProcManager\detoured.dll
0x000007fefb000000 - 0x000007fefb038000 	C:\Program Files\NVIDIA Corporation\CoProcManager\nvd3d9wrapx.dll
0x000007fefd9c0000 - 0x000007fefdb97000 	C:\Windows\system32\SETUPAPI.dll
0x000007fefd480000 - 0x000007fefd4b6000 	C:\Windows\system32\CFGMGR32.dll
0x000007fefd570000 - 0x000007fefd64a000 	C:\Windows\system32\OLEAUT32.dll
0x000007fefd7c0000 - 0x000007fefd9bc000 	C:\Windows\system32\ole32.dll
0x000007fefd120000 - 0x000007fefd13a000 	C:\Windows\system32\DEVOBJ.dll
0x000007fefafd0000 - 0x000007fefaff4000 	C:\Program Files\NVIDIA Corporation\CoProcManager\nvdxgiwrapx.dll
0x0000000069ad0000 - 0x0000000069ba2000 	D:\Android\Android Studio\jre\jre\bin\msvcr100.dll
0x00000000079a0000 - 0x00000000081dc000 	D:\Android\Android Studio\jre\jre\bin\server\jvm.dll
0x000007fef7530000 - 0x000007fef7539000 	C:\Windows\system32\WSOCK32.dll
0x000007feff080000 - 0x000007feff0cd000 	C:\Windows\system32\WS2_32.dll
0x000007fefd4c0000 - 0x000007fefd4c8000 	C:\Windows\system32\NSI.dll
0x000007fefa870000 - 0x000007fefa8ab000 	C:\Windows\system32\WINMM.dll
0x0000000077480000 - 0x0000000077487000 	C:\Windows\system32\PSAPI.DLL
0x000007fef7340000 - 0x000007fef734f000 	D:\Android\Android Studio\jre\jre\bin\verify.dll
0x000007fee6ff0000 - 0x000007fee7019000 	D:\Android\Android Studio\jre\jre\bin\java.dll
0x000007fef71e0000 - 0x000007fef71f6000 	D:\Android\Android Studio\jre\jre\bin\zip.dll
0x000007fefdc20000 - 0x000007fefe9ab000 	C:\Windows\system32\SHELL32.dll
0x000007fefd110000 - 0x000007fefd11f000 	C:\Windows\system32\profapi.dll

VM Arguments:
jvm_args: -Djava.awt.headless=true -Xmx1024M -Dfile.encoding=GBK -Duser.country=CN -Duser.language=zh -Duser.variant 
java_command: com.android.dx.command.Main --dex --num-threads=4 --output C:\Users\Jiang\Desktop\CustomBehavior-master\mytopbehavior\build\intermediates\pre-dexed\debug\com.android.support.constraint-constraint-layout-1.0.2_e1ab6cc5ef6da4ced766f8e83b81bf786722141d.jar C:\Users\Jiang\Desktop\CustomBehavior-master\mytopbehavior\build\intermediates\exploded-aar\com.android.support.constraint\constraint-layout\1.0.2\jars\classes.jar
java_class_path (initial): D:\Android\sdk\build-tools\25.0.3\lib\dx.jar
Launcher Type: SUN_STANDARD

Environment Variables:
JAVA_HOME=D:\Java\jdk1.8.0_40
CLASSPATH=.;D:\Java\jdk1.8.0_40\lib\dt.jar;D:\Java\jdk1.8.0_40\lib\tools.jar;
PATH=D:\Java7\jdk1.7.0_79\bin;D:\Android\Android Studio\jre\lib;D:\Android\Android Studio\gradle\gradle-2.14.1\bin;C:\Program Files (x86)\Intel\iCLS Client\;C:\Program Files\Intel\iCLS Client\;C:\Windows\system32;C:\Windows;C:\Windows\System32\Wbem;C:\Windows\System32\WindowsPowerShell\v1.0\;C:\Program Files\Intel\WiFi\bin\;C:\Program Files\Common Files\Intel\WirelessCommon\;C:\Program Files\Intel\Intel(R) Management Engine Components\DAL;C:\Program Files (x86)\Intel\Intel(R) Management Engine Components\DAL;C:\Program Files\Intel\Intel(R) Management Engine Components\IPT;C:\Program Files (x86)\Intel\Intel(R) Management Engine Components\IPT;C:\Program Files (x86)\NVIDIA Corporation\PhysX\Common;H:\Program Files (x86)\Microsoft SQL Server\100\Tools\Binn\;H:\Program Files\Microsoft SQL Server\100\Tools\Binn\;H:\Program Files\Microsoft SQL Server\100\DTS\Binn\;H:\Program Files (x86)\Microsoft SQL Server\100\Tools\Binn\VSShell\Common7\IDE\;C:\Program Files (x86)\Microsoft Visual Studio 9.0\Common7\IDE\PrivateAssemblies\;H:\Program Files (x86)\Microsoft SQL Server\100\DTS\Binn\;D:\Program Files (x86)\Git\cmd;C:\Windows\system32\config\systemprofile\.dnx\bin;C:\Program Files\Microsoft DNX\Dnvm\;C:\Program Files\Microsoft SQL Server\120\Tools\Binn\;C:\Program Files\Microsoft SQL Server\130\Tools\Binn\;C:\Program Files\Intel\WiFi\bin\;C:\Program Files\Common Files\Intel\WirelessCommon\
USERNAME=Jiang
OS=Windows_NT
PROCESSOR_IDENTIFIER=Intel64 Family 6 Model 60 Stepping 3, GenuineIntel



---------------  S Y S T E M  ---------------

OS: Windows 7 , 64 bit Build 7601 (6.1.7601.23864)

CPU:total 8 (4 cores per cpu, 2 threads per core) family 6 model 60 stepping 3, cmov, cx8, fxsr, mmx, sse, sse2, sse3, ssse3, sse4.1, sse4.2, popcnt, avx, avx2, aes, clmul, erms, lzcnt, ht, tsc, tscinvbit, bmi1, bmi2

Memory: 4k page, physical 16661616k(2701308k free), swap 16659756k(3064k free)

vm_info: OpenJDK 64-Bit Server VM (25.112-b06) for windows-amd64 JRE (1.8.0_112-release-b06), built on Dec  8 2016 00:54:26 by "builder" with MS VC++ 10.0 (VS2010)

time: Wed Aug 16 15:57:37 2017
elapsed time: 1 seconds (0d 0h 0m 1s)

